<?xml version="1.0" encoding="UTF-8"?>
<!-- Generated by org.testng.reporters.JUnitXMLReporter -->
<testsuite hostname="Rodions-MacBook-Pro.local" ignored="0" name="Nopackage" tests="1" failures="1" timestamp="21 Sep 2017 15:33:15 GMT" time="8.985" errors="0">
  <testcase name="feature" time="8.582" classname="runners.CucumberTestsRunner">
    <failure type="cucumber.runtime.CucumberException" message="java.lang.NullPointerException">
      <![CDATA[cucumber.runtime.CucumberException: java.lang.NullPointerException
	at cucumber.api.testng.TestNGCucumberRunner.runCucumber(TestNGCucumberRunner.java:69)
	at runners.CucumberTestsRunner.feature(CucumberTestsRunner.java:44)
Caused by: java.lang.NullPointerException
	at definition_steps.GlobalElementsStepDefs.clickOnLinkInHeader(GlobalElementsStepDefs.java:18)
	at ✽.When open address book page(AddressBook.feature:5)
... Removed 28 stack frames]]>
    </failure>
  </testcase> <!-- feature -->
</testsuite> <!-- Nopackage -->
