<?xml version="1.0" encoding="UTF-8"?>
<!-- Generated by org.testng.reporters.JUnitXMLReporter -->
<testsuite hostname="Rodions-MacBook-Pro.local" ignored="0" name="Nopackage" tests="3" failures="0" timestamp="25 Sep 2017 07:58:38 GMT" time="71.598" errors="0">
  <testcase name="testCreateAddress" time="23.774" classname="TestOOP.TestTestNG"/>
  <testcase name="testUpdateAddress" time="19.503" classname="TestOOP.TestTestNG"/>
  <testcase name="testRemoveAddress" time="17.115" classname="TestOOP.TestTestNG"/>
</testsuite> <!-- Nopackage -->
