<?xml version="1.0" encoding="UTF-8"?>
<testsuite xmlns:xsi="http://www.w3.org/2001/XMLSchema-instance" xsi:noNamespaceSchemaLocation="https://maven.apache.org/surefire/maven-surefire-plugin/xsd/surefire-test-report.xsd" name="TestSuite" time="106.919" tests="3" errors="0" skipped="0" failures="2">
  <properties>
[...]
</properties>
  <testcase name="testCreateAddress" classname="TestOOP.TestTestNG" time="24.77"/>
  <testcase name="testRemoveAddress" classname="TestOOP.TestTestNG" time="34.444">
    <failure message="Unable to locate element: html/body/main/div[3]/div[2]/div[2]/div/div[1]/div/div/a[2]&#10;For documentation on this error, please visit: http://seleniumhq.org/exceptions/no_such_element.html&#10;Build info: version: &apos;3.5.2&apos;, revision: &apos;10229a9&apos;, time: &apos;2017-08-21T17:29:55.15Z&apos;&#10;System info: host: &apos;Rodions-MacBook-Pro.local&apos;, ip: &apos;fe80:0:0:0:14a9:bbbc:a988:69d8%en0&apos;, os.name: &apos;Mac OS X&apos;, os.arch: &apos;x86_64&apos;, os.version: &apos;10.12.6&apos;, java.version: &apos;1.8.0_111&apos;&#10;Driver info: org.openqa.selenium.firefox.FirefoxDriver&#10;Capabilities [{moz:profile=/var/folders/_q/_7d1f_ys5hg5_f_jfs3jqgdm0000gn/T/rust_mozprofile.kmMJGjRvoZ1U, rotatable=false, timeouts={implicit=0, pageLoad=300000, script=30000}, pageLoadStrategy=normal, platform=ANY, specificationLevel=0, moz:accessibilityChecks=false, acceptInsecureCerts=true, browserVersion=55.0.3, platformVersion=16.7.0, moz:processID=1644, browserName=firefox, javascriptEnabled=true, platformName=darwin}]&#10;Session ID: 56d3f7de-3d3d-1340-9c48-3662a7317da2&#10;*** Element info: {Using=xpath, value=html/body/main/div[3]/div[2]/div[2]/div/div[1]/div/div/a[2]}" type="org.openqa.selenium.NoSuchElementException">org.openqa.selenium.NoSuchElementException: 
Unable to locate element: html/body/main/div[3]/div[2]/div[2]/div/div[1]/div/div/a[2]
For documentation on this error, please visit: http://seleniumhq.org/exceptions/no_such_element.html
Build info: version: '3.5.2', revision: '10229a9', time: '2017-08-21T17:29:55.15Z'
System info: host: 'Rodions-MacBook-Pro.local', ip: 'fe80:0:0:0:14a9:bbbc:a988:69d8%en0', os.name: 'Mac OS X', os.arch: 'x86_64', os.version: '10.12.6', java.version: '1.8.0_111'
Driver info: org.openqa.selenium.firefox.FirefoxDriver
Capabilities [{moz:profile=/var/folders/_q/_7d1f_ys5hg5_f_jfs3jqgdm0000gn/T/rust_mozprofile.kmMJGjRvoZ1U, rotatable=false, timeouts={implicit=0, pageLoad=300000, script=30000}, pageLoadStrategy=normal, platform=ANY, specificationLevel=0, moz:accessibilityChecks=false, acceptInsecureCerts=true, browserVersion=55.0.3, platformVersion=16.7.0, moz:processID=1644, browserName=firefox, javascriptEnabled=true, platformName=darwin}]
Session ID: 56d3f7de-3d3d-1340-9c48-3662a7317da2
*** Element info: {Using=xpath, value=html/body/main/div[3]/div[2]/div[2]/div/div[1]/div/div/a[2]}
	at TestOOP.TestTestNG.testRemoveAddress(TestTestNG.java:76)
</failure>
    <system-err><![CDATA[1505735054688	Marionette	INFO	New connections will no longer be accepted
1505735055057	geckodriver	INFO	geckodriver 0.18.0
1505735055064	geckodriver	INFO	Listening on 127.0.0.1:39331
1505735055190	geckodriver::marionette	INFO	Starting browser /Applications/Firefox.app/Contents/MacOS/firefox-bin with args ["-marionette"]
1505735055538	addons.xpi	WARN	Error parsing extensions state: [Exception... "Component returned failure code: 0x80520012 (NS_ERROR_FILE_NOT_FOUND) [amIAddonManagerStartup.readStartupData]"  nsresult: "0x80520012 (NS_ERROR_FILE_NOT_FOUND)"  location: "JS frame :: resource://gre/modules/addons/XPIProvider.jsm :: loadExtensionState :: line 1596"  data: no] Stack trace: loadExtensionState()@resource://gre/modules/addons/XPIProvider.jsm:1596 < getInstallState()@resource://gre/modules/addons/XPIProvider.jsm:1631 < checkForChanges()@resource://gre/modules/addons/XPIProvider.jsm:3152 < startup()@resource://gre/modules/addons/XPIProvider.jsm:2246 < callProvider()@resource://gre/modules/AddonManager.jsm:271 < _startProvider()@resource://gre/modules/AddonManager.jsm:741 < startup()@resource://gre/modules/AddonManager.jsm:908 < startup()@resource://gre/modules/AddonManager.jsm:3122 < observe()@jar:file:///Applications/Firefox.app/Contents/Resources/omni.ja!/components/addonManager.js:65
1505735056006	Marionette	INFO	Enabled via --marionette
2017-09-18 14:44:17.371 plugin-container[1645:83862] *** CFMessagePort: bootstrap_register(): failed 1100 (0x44c) 'Permission denied', port = 0xa23b, name = 'com.apple.tsm.portname'
See /usr/include/servers/bootstrap_defs.h for the error codes.
2017-09-18 14:44:17.374 plugin-container[1645:83862] *** CFMessagePort: bootstrap_register(): failed 1100 (0x44c) 'Permission denied', port = 0xa603, name = 'com.apple.CFPasteboardClient'
See /usr/include/servers/bootstrap_defs.h for the error codes.
1505735057611	Marionette	INFO	Listening on port 54579
JavaScript error: chrome://marionette/content/server.js, line 337: NS_ERROR_SOCKET_ADDRESS_IN_USE: Component returned failure code: 0x804b0036 (NS_ERROR_SOCKET_ADDRESS_IN_USE) [nsIServerSocket.initSpecialConnection]
1505735057681	Marionette	WARN	TLS certificate errors will be ignored for this session
1505735057743	Marionette	DEBUG	loaded listener.js
Sep 18, 2017 2:44:17 PM org.openqa.selenium.remote.ProtocolHandshake createSession
INFO: Detected dialect: W3C
1505735058244	Marionette	DEBUG	Received DOM event "beforeunload" for "about:blank"
1505735058829	Marionette	DEBUG	Received DOM event "pagehide" for "about:blank"
1505735058830	Marionette	DEBUG	Received DOM event "unload" for "about:blank"
1505735062097	Marionette	DEBUG	Received DOM event "DOMContentLoaded" for "https://demo-b2b.zaelab.com/yb2bacceleratorstorefront/"
1505735063512	Marionette	DEBUG	Received DOM event "pageshow" for "https://demo-b2b.zaelab.com/yb2bacceleratorstorefront/"
1505735063686	Marionette	DEBUG	Received DOM event "beforeunload" for "https://demo-b2b.zaelab.com/yb2bacceleratorstorefront/"
1505735063988	Marionette	DEBUG	Received DOM event "pagehide" for "https://demo-b2b.zaelab.com/yb2bacceleratorstorefront/"
1505735063991	Marionette	DEBUG	Received DOM event "unload" for "https://demo-b2b.zaelab.com/yb2bacceleratorstorefront/"
1505735066200	Marionette	DEBUG	Received DOM event "DOMContentLoaded" for "https://demo-b2b.zaelab.com/yb2bacceleratorstorefront/powertools/en/USD/login"
1505735066213	Marionette	DEBUG	Received DOM event "pageshow" for "https://demo-b2b.zaelab.com/yb2bacceleratorstorefront/powertools/en/USD/login"
1505735066662	Marionette	DEBUG	Received DOM event "beforeunload" for "https://demo-b2b.zaelab.com/yb2bacceleratorstorefront/powertools/en/USD/login"
1505735067183	Marionette	DEBUG	Received DOM event "pagehide" for "https://demo-b2b.zaelab.com/yb2bacceleratorstorefront/powertools/en/USD/login"
1505735067184	Marionette	DEBUG	Received DOM event "unload" for "https://demo-b2b.zaelab.com/yb2bacceleratorstorefront/powertools/en/USD/login"
1505735069462	Marionette	DEBUG	Received DOM event "DOMContentLoaded" for "https://demo-b2b.zaelab.com/yb2bacceleratorstorefront/powertools/en/USD/"
1505735069491	Marionette	DEBUG	Received DOM event "pageshow" for "https://demo-b2b.zaelab.com/yb2bacceleratorstorefront/powertools/en/USD/"
1505735069913	Marionette	DEBUG	Canceled page load listener because no navigation has been detected
1505735070082	Marionette	DEBUG	Received DOM event "beforeunload" for "https://demo-b2b.zaelab.com/yb2bacceleratorstorefront/powertools/en/USD/"
1505735070390	Marionette	DEBUG	Received DOM event "pagehide" for "https://demo-b2b.zaelab.com/yb2bacceleratorstorefront/powertools/en/USD/"
1505735070392	Marionette	DEBUG	Received DOM event "unload" for "https://demo-b2b.zaelab.com/yb2bacceleratorstorefront/powertools/en/USD/"
1505735072599	Marionette	DEBUG	Received DOM event "DOMContentLoaded" for "https://demo-b2b.zaelab.com/yb2bacceleratorstorefront/powertools/en/USD/my-account/address-book"
1505735072616	Marionette	DEBUG	Received DOM event "pageshow" for "https://demo-b2b.zaelab.com/yb2bacceleratorstorefront/powertools/en/USD/my-account/address-book"
]]></system-err>
  </testcase>
  <testcase name="testUpdateAddress" classname="TestOOP.TestTestNG" time="34.575">
    <failure message="Timeout loading page after 20000ms&#10;Build info: version: &apos;3.5.2&apos;, revision: &apos;10229a9&apos;, time: &apos;2017-08-21T17:29:55.15Z&apos;&#10;System info: host: &apos;Rodions-MacBook-Pro.local&apos;, ip: &apos;fe80:0:0:0:14a9:bbbc:a988:69d8%en0&apos;, os.name: &apos;Mac OS X&apos;, os.arch: &apos;x86_64&apos;, os.version: &apos;10.12.6&apos;, java.version: &apos;1.8.0_111&apos;&#10;Driver info: org.openqa.selenium.firefox.FirefoxDriver&#10;Capabilities [{moz:profile=/var/folders/_q/_7d1f_ys5hg5_f_jfs3jqgdm0000gn/T/rust_mozprofile.EEAIffLEMGXu, rotatable=false, timeouts={implicit=0, pageLoad=300000, script=30000}, pageLoadStrategy=normal, platform=ANY, specificationLevel=0, moz:accessibilityChecks=false, acceptInsecureCerts=true, browserVersion=55.0.3, platformVersion=16.7.0, moz:processID=1649, browserName=firefox, javascriptEnabled=true, platformName=darwin}]&#10;Session ID: c13fb57b-6166-054e-8b57-df505910b3cf" type="org.openqa.selenium.TimeoutException">org.openqa.selenium.TimeoutException: 
Timeout loading page after 20000ms
Build info: version: '3.5.2', revision: '10229a9', time: '2017-08-21T17:29:55.15Z'
System info: host: 'Rodions-MacBook-Pro.local', ip: 'fe80:0:0:0:14a9:bbbc:a988:69d8%en0', os.name: 'Mac OS X', os.arch: 'x86_64', os.version: '10.12.6', java.version: '1.8.0_111'
Driver info: org.openqa.selenium.firefox.FirefoxDriver
Capabilities [{moz:profile=/var/folders/_q/_7d1f_ys5hg5_f_jfs3jqgdm0000gn/T/rust_mozprofile.EEAIffLEMGXu, rotatable=false, timeouts={implicit=0, pageLoad=300000, script=30000}, pageLoadStrategy=normal, platform=ANY, specificationLevel=0, moz:accessibilityChecks=false, acceptInsecureCerts=true, browserVersion=55.0.3, platformVersion=16.7.0, moz:processID=1649, browserName=firefox, javascriptEnabled=true, platformName=darwin}]
Session ID: c13fb57b-6166-054e-8b57-df505910b3cf
	at TestOOP.TestTestNG.testUpdateAddress(TestTestNG.java:66)
</failure>
    <system-err><![CDATA[1505735092686	Marionette	INFO	New connections will no longer be accepted
[GFX1-]: Receive IPC close with reason=AbnormalShutdown
1505735093148	geckodriver	INFO	geckodriver 0.18.0
1505735093155	geckodriver	INFO	Listening on 127.0.0.1:48238
1505735093360	geckodriver::marionette	INFO	Starting browser /Applications/Firefox.app/Contents/MacOS/firefox-bin with args ["-marionette"]
1505735093687	addons.xpi	WARN	Error parsing extensions state: [Exception... "Component returned failure code: 0x80520012 (NS_ERROR_FILE_NOT_FOUND) [amIAddonManagerStartup.readStartupData]"  nsresult: "0x80520012 (NS_ERROR_FILE_NOT_FOUND)"  location: "JS frame :: resource://gre/modules/addons/XPIProvider.jsm :: loadExtensionState :: line 1596"  data: no] Stack trace: loadExtensionState()@resource://gre/modules/addons/XPIProvider.jsm:1596 < getInstallState()@resource://gre/modules/addons/XPIProvider.jsm:1631 < checkForChanges()@resource://gre/modules/addons/XPIProvider.jsm:3152 < startup()@resource://gre/modules/addons/XPIProvider.jsm:2246 < callProvider()@resource://gre/modules/AddonManager.jsm:271 < _startProvider()@resource://gre/modules/AddonManager.jsm:741 < startup()@resource://gre/modules/AddonManager.jsm:908 < startup()@resource://gre/modules/AddonManager.jsm:3122 < observe()@jar:file:///Applications/Firefox.app/Contents/Resources/omni.ja!/components/addonManager.js:65
1505735094061	Marionette	INFO	Enabled via --marionette
2017-09-18 14:44:55.442 plugin-container[1650:85143] *** CFMessagePort: bootstrap_register(): failed 1100 (0x44c) 'Permission denied', port = 0xa23b, name = 'com.apple.tsm.portname'
See /usr/include/servers/bootstrap_defs.h for the error codes.
2017-09-18 14:44:55.445 plugin-container[1650:85143] *** CFMessagePort: bootstrap_register(): failed 1100 (0x44c) 'Permission denied', port = 0xa603, name = 'com.apple.CFPasteboardClient'
See /usr/include/servers/bootstrap_defs.h for the error codes.
1505735095762	Marionette	INFO	Listening on port 54718
JavaScript error: chrome://marionette/content/server.js, line 337: NS_ERROR_SOCKET_ADDRESS_IN_USE: Component returned failure code: 0x804b0036 (NS_ERROR_SOCKET_ADDRESS_IN_USE) [nsIServerSocket.initSpecialConnection]
1505735095769	Marionette	WARN	TLS certificate errors will be ignored for this session
1505735095813	Marionette	DEBUG	loaded listener.js
Sep 18, 2017 2:44:55 PM org.openqa.selenium.remote.ProtocolHandshake createSession
INFO: Detected dialect: W3C
1505735096280	Marionette	DEBUG	Received DOM event "beforeunload" for "about:blank"
1505735096864	Marionette	DEBUG	Received DOM event "pagehide" for "about:blank"
1505735096865	Marionette	DEBUG	Received DOM event "unload" for "about:blank"
1505735100048	Marionette	DEBUG	Received DOM event "DOMContentLoaded" for "https://demo-b2b.zaelab.com/yb2bacceleratorstorefront/"
1505735101225	Marionette	DEBUG	Received DOM event "pageshow" for "https://demo-b2b.zaelab.com/yb2bacceleratorstorefront/"
1505735101421	Marionette	DEBUG	Received DOM event "beforeunload" for "https://demo-b2b.zaelab.com/yb2bacceleratorstorefront/"
1505735101742	Marionette	DEBUG	Received DOM event "pagehide" for "https://demo-b2b.zaelab.com/yb2bacceleratorstorefront/"
1505735101742	Marionette	DEBUG	Received DOM event "unload" for "https://demo-b2b.zaelab.com/yb2bacceleratorstorefront/"
1505735104034	Marionette	DEBUG	Received DOM event "DOMContentLoaded" for "https://demo-b2b.zaelab.com/yb2bacceleratorstorefront/powertools/en/USD/login"
1505735104048	Marionette	DEBUG	Received DOM event "pageshow" for "https://demo-b2b.zaelab.com/yb2bacceleratorstorefront/powertools/en/USD/login"
1505735104472	Marionette	DEBUG	Received DOM event "beforeunload" for "https://demo-b2b.zaelab.com/yb2bacceleratorstorefront/powertools/en/USD/login"
1505735105015	Marionette	DEBUG	Received DOM event "pagehide" for "https://demo-b2b.zaelab.com/yb2bacceleratorstorefront/powertools/en/USD/login"
1505735105015	Marionette	DEBUG	Received DOM event "unload" for "https://demo-b2b.zaelab.com/yb2bacceleratorstorefront/powertools/en/USD/login"
1505735107335	Marionette	DEBUG	Received DOM event "DOMContentLoaded" for "https://demo-b2b.zaelab.com/yb2bacceleratorstorefront/powertools/en/USD/"
1505735107362	Marionette	DEBUG	Received DOM event "pageshow" for "https://demo-b2b.zaelab.com/yb2bacceleratorstorefront/powertools/en/USD/"
1505735107865	Marionette	DEBUG	Canceled page load listener because no navigation has been detected
1505735108103	Marionette	DEBUG	Received DOM event "beforeunload" for "https://demo-b2b.zaelab.com/yb2bacceleratorstorefront/powertools/en/USD/"
1505735108446	Marionette	DEBUG	Received DOM event "pagehide" for "https://demo-b2b.zaelab.com/yb2bacceleratorstorefront/powertools/en/USD/"
1505735108461	Marionette	DEBUG	Received DOM event "unload" for "https://demo-b2b.zaelab.com/yb2bacceleratorstorefront/powertools/en/USD/"
1505735110698	Marionette	DEBUG	Received DOM event "DOMContentLoaded" for "https://demo-b2b.zaelab.com/yb2bacceleratorstorefront/powertools/en/USD/my-account/address-book"
1505735110720	Marionette	DEBUG	Received DOM event "pageshow" for "https://demo-b2b.zaelab.com/yb2bacceleratorstorefront/powertools/en/USD/my-account/address-book"
1505735110903	Marionette	DEBUG	Received DOM event "beforeunload" for "https://demo-b2b.zaelab.com/yb2bacceleratorstorefront/powertools/en/USD/my-account/address-book"
1505735111240	Marionette	DEBUG	Received DOM event "pagehide" for "https://demo-b2b.zaelab.com/yb2bacceleratorstorefront/powertools/en/USD/my-account/address-book"
1505735111247	Marionette	DEBUG	Received DOM event "unload" for "https://demo-b2b.zaelab.com/yb2bacceleratorstorefront/powertools/en/USD/my-account/address-book"
]]></system-err>
  </testcase>
</testsuite>