<?xml version="1.0" encoding="UTF-8"?>
<testng-results skipped="0" failed="0" ignored="0" total="3" passed="3">
  <reporter-output>
  </reporter-output>
  <suite name="Suite1" duration-ms="71598" started-at="2017-09-25T07:57:27Z" finished-at="2017-09-25T07:58:38Z">
    <groups>
    </groups>
    <test name="Nopackage" duration-ms="71598" started-at="2017-09-25T07:57:27Z" finished-at="2017-09-25T07:58:38Z">
      <class name="TestOOP.TestTestNG">
        <test-method status="PASS" signature="setUpTest()[pri:0, instance:TestOOP.TestTestNG@614c5515]" name="setUpTest" is-config="true" duration-ms="4409" started-at="2017-09-25T10:57:27Z" finished-at="2017-09-25T10:57:31Z">
          <reporter-output>
          </reporter-output>
        </test-method> <!-- setUpTest -->
        <test-method status="PASS" signature="testCreateAddress()[pri:0, instance:TestOOP.TestTestNG@614c5515]" name="testCreateAddress" duration-ms="23774" started-at="2017-09-25T10:57:31Z" finished-at="2017-09-25T10:57:55Z">
          <reporter-output>
          </reporter-output>
        </test-method> <!-- testCreateAddress -->
        <test-method status="PASS" signature="tearDown()[pri:0, instance:TestOOP.TestTestNG@614c5515]" name="tearDown" is-config="true" duration-ms="404" started-at="2017-09-25T10:57:55Z" finished-at="2017-09-25T10:57:55Z">
          <reporter-output>
          </reporter-output>
        </test-method> <!-- tearDown -->
        <test-method status="PASS" signature="setUpTest()[pri:0, instance:TestOOP.TestTestNG@614c5515]" name="setUpTest" is-config="true" duration-ms="2808" started-at="2017-09-25T10:57:55Z" finished-at="2017-09-25T10:57:58Z">
          <reporter-output>
          </reporter-output>
        </test-method> <!-- setUpTest -->
        <test-method status="PASS" signature="testUpdateAddress()[pri:0, instance:TestOOP.TestTestNG@614c5515]" name="testUpdateAddress" duration-ms="19503" started-at="2017-09-25T10:57:58Z" finished-at="2017-09-25T10:58:18Z">
          <reporter-output>
          </reporter-output>
        </test-method> <!-- testUpdateAddress -->
        <test-method status="PASS" signature="tearDown()[pri:0, instance:TestOOP.TestTestNG@614c5515]" name="tearDown" is-config="true" duration-ms="329" started-at="2017-09-25T10:58:18Z" finished-at="2017-09-25T10:58:18Z">
          <reporter-output>
          </reporter-output>
        </test-method> <!-- tearDown -->
        <test-method status="PASS" signature="setUpTest()[pri:0, instance:TestOOP.TestTestNG@614c5515]" name="setUpTest" is-config="true" duration-ms="2859" started-at="2017-09-25T10:58:18Z" finished-at="2017-09-25T10:58:21Z">
          <reporter-output>
          </reporter-output>
        </test-method> <!-- setUpTest -->
        <test-method status="PASS" signature="testRemoveAddress()[pri:0, instance:TestOOP.TestTestNG@614c5515]" name="testRemoveAddress" duration-ms="17115" started-at="2017-09-25T10:58:21Z" finished-at="2017-09-25T10:58:38Z">
          <reporter-output>
          </reporter-output>
        </test-method> <!-- testRemoveAddress -->
        <test-method status="PASS" signature="tearDown()[pri:0, instance:TestOOP.TestTestNG@614c5515]" name="tearDown" is-config="true" duration-ms="365" started-at="2017-09-25T10:58:38Z" finished-at="2017-09-25T10:58:38Z">
          <reporter-output>
          </reporter-output>
        </test-method> <!-- tearDown -->
      </class> <!-- TestOOP.TestTestNG -->
    </test> <!-- Nopackage -->
  </suite> <!-- Suite1 -->
</testng-results>
