<?xml version="1.0" encoding="UTF-8"?>
<testsuite xmlns:xsi="http://www.w3.org/2001/XMLSchema-instance" xsi:noNamespaceSchemaLocation="https://maven.apache.org/surefire/maven-surefire-plugin/xsd/surefire-test-report.xsd" name="TestSuite" time="18.404" tests="1" errors="0" skipped="0" failures="1">
  <properties>
[...]
</properties>
  <testcase name="feature" classname="AddressBookSuite" time="8.633">
    <failure message="java.lang.NullPointerException" type="cucumber.runtime.CucumberException">cucumber.runtime.CucumberException: java.lang.NullPointerException
Caused by: java.lang.NullPointerException
</failure>
    <system-out><![CDATA[start
]]></system-out>
    <system-err><![CDATA[1506007978643	geckodriver	INFO	geckodriver 0.18.0
1506007978651	geckodriver	INFO	Listening on 127.0.0.1:22281
1506007978964	geckodriver::marionette	INFO	Starting browser /Applications/Firefox.app/Contents/MacOS/firefox-bin with args ["-marionette"]
1506007979291	addons.xpi	WARN	Error parsing extensions state: [Exception... "Component returned failure code: 0x80520012 (NS_ERROR_FILE_NOT_FOUND) [amIAddonManagerStartup.readStartupData]"  nsresult: "0x80520012 (NS_ERROR_FILE_NOT_FOUND)"  location: "JS frame :: resource://gre/modules/addons/XPIProvider.jsm :: loadExtensionState :: line 1596"  data: no] Stack trace: loadExtensionState()@resource://gre/modules/addons/XPIProvider.jsm:1596 < getInstallState()@resource://gre/modules/addons/XPIProvider.jsm:1631 < checkForChanges()@resource://gre/modules/addons/XPIProvider.jsm:3152 < startup()@resource://gre/modules/addons/XPIProvider.jsm:2246 < callProvider()@resource://gre/modules/AddonManager.jsm:271 < _startProvider()@resource://gre/modules/AddonManager.jsm:741 < startup()@resource://gre/modules/AddonManager.jsm:908 < startup()@resource://gre/modules/AddonManager.jsm:3122 < observe()@jar:file:///Applications/Firefox.app/Contents/Resources/omni.ja!/components/addonManager.js:65
1506007979655	Marionette	INFO	Enabled via --marionette
2017-09-21 18:33:00.969 plugin-container[4555:228687] *** CFMessagePort: bootstrap_register(): failed 1100 (0x44c) 'Permission denied', port = 0xa23b, name = 'com.apple.tsm.portname'
See /usr/include/servers/bootstrap_defs.h for the error codes.
2017-09-21 18:33:00.974 plugin-container[4555:228687] *** CFMessagePort: bootstrap_register(): failed 1100 (0x44c) 'Permission denied', port = 0xa603, name = 'com.apple.CFPasteboardClient'
See /usr/include/servers/bootstrap_defs.h for the error codes.
1506007981259	Marionette	INFO	Listening on port 63041
JavaScript error: chrome://marionette/content/server.js, line 337: NS_ERROR_SOCKET_ADDRESS_IN_USE: Component returned failure code: 0x804b0036 (NS_ERROR_SOCKET_ADDRESS_IN_USE) [nsIServerSocket.initSpecialConnection]
1506007981287	Marionette	WARN	TLS certificate errors will be ignored for this session
1506007981331	Marionette	DEBUG	loaded listener.js
Sep 21, 2017 6:33:01 PM org.openqa.selenium.remote.ProtocolHandshake createSession
INFO: Detected dialect: W3C
1506007981770	Marionette	DEBUG	Received DOM event "beforeunload" for "about:blank"
1506007982390	Marionette	DEBUG	Received DOM event "pagehide" for "about:blank"
1506007982391	Marionette	DEBUG	Received DOM event "unload" for "about:blank"
1506007985740	Marionette	DEBUG	Received DOM event "DOMContentLoaded" for "https://demo-b2b.zaelab.com/yb2bacceleratorstorefront/"
1506007986650	Marionette	DEBUG	Received DOM event "pageshow" for "https://demo-b2b.zaelab.com/yb2bacceleratorstorefront/"
1506007987175	Marionette	DEBUG	Received DOM event "beforeunload" for "https://demo-b2b.zaelab.com/yb2bacceleratorstorefront/"
1506007987477	Marionette	DEBUG	Received DOM event "pagehide" for "https://demo-b2b.zaelab.com/yb2bacceleratorstorefront/"
1506007987477	Marionette	DEBUG	Received DOM event "unload" for "https://demo-b2b.zaelab.com/yb2bacceleratorstorefront/"
1506007989787	Marionette	DEBUG	Received DOM event "DOMContentLoaded" for "https://demo-b2b.zaelab.com/yb2bacceleratorstorefront/"
1506007989830	Marionette	DEBUG	Received DOM event "pageshow" for "https://demo-b2b.zaelab.com/yb2bacceleratorstorefront/"
1506007990058	Marionette	DEBUG	Received DOM event "beforeunload" for "https://demo-b2b.zaelab.com/yb2bacceleratorstorefront/"
1506007990232	Marionette	DEBUG	Received DOM event "pagehide" for "https://demo-b2b.zaelab.com/yb2bacceleratorstorefront/"
1506007990232	Marionette	DEBUG	Received DOM event "unload" for "https://demo-b2b.zaelab.com/yb2bacceleratorstorefront/"
1506007992462	Marionette	DEBUG	Received DOM event "DOMContentLoaded" for "https://demo-b2b.zaelab.com/yb2bacceleratorstorefront/powertools/en/USD/login"
1506007992469	Marionette	DEBUG	Received DOM event "pageshow" for "https://demo-b2b.zaelab.com/yb2bacceleratorstorefront/powertools/en/USD/login"
1506007992803	Marionette	DEBUG	Received DOM event "beforeunload" for "https://demo-b2b.zaelab.com/yb2bacceleratorstorefront/powertools/en/USD/login"
1506007993324	Marionette	DEBUG	Received DOM event "pagehide" for "https://demo-b2b.zaelab.com/yb2bacceleratorstorefront/powertools/en/USD/login"
1506007993324	Marionette	DEBUG	Received DOM event "unload" for "https://demo-b2b.zaelab.com/yb2bacceleratorstorefront/powertools/en/USD/login"
1506007995552	Marionette	DEBUG	Received DOM event "DOMContentLoaded" for "https://demo-b2b.zaelab.com/yb2bacceleratorstorefront/powertools/en/USD/"
1506007995603	Marionette	DEBUG	Received DOM event "pageshow" for "https://demo-b2b.zaelab.com/yb2bacceleratorstorefront/powertools/en/USD/"
]]></system-err>
  </testcase>
</testsuite>